This is LuaTeX, Version beta-0.76.0-2013121407 (rev 4627)  (format=lualatex 2015.7.10)  15 JUL 2015 10:14
 restricted \write18 enabled.
**psalter_helfta_new.tex
(/usr/share/texlive/texmf-dist/tex/latex/tools/x.tex
LaTeX2e <2011/06/27>
Babel <3.9h> and hyphenation patterns for 78 languages loaded.

! .
l.34   \batchmode \errmessage{}
                             \csname @@end\endcsname \end
This error message was generated by an \errmessage
command, so I can't give any explicit help.
Pretend that you're Hercule Poirot: Examine all clues,
and deduce the truth by order and method.

 )

Here is how much of LuaTeX's memory you used:
 9 strings out of 493803
 100000,552014 words of node,token memory allocated
 182 words of node memory still in use:
   31 glue_spec nodes
   avail lists: 2:12,3:1,6:1
 3930 multiletter control sequences out of 65536+600000
 14 fonts using 563007 bytes
 5i,0n,1p,101b,8s stack positions out of 5000i,500n,10000p,200000b,100000s
No pages of output.

PDF statistics: 0 PDF objects out of 1000 (max. 8388607)
 0 named destinations out of 1000 (max. 131072)
 1 words of extra memory for PDF output out of 10000 (max. 10000000)

