This is LuaTeX, Version beta-0.70.2-2012091206 (TeX Live 2012/Debian) (format=lualatex 2013.4.26)  20 JAN 2014 10:49
 restricted \write18 enabled.
**psalter.tex
(/usr/share/texlive/texmf-dist/tex/latex/tools/x.tex
LaTeX2e <2011/06/27>
LuaTeX adaptation of babel <v3.8m-luatex-1.5> and hyphenation patterns for engl
ish, dumylang, nohyphenation, loaded.

! .
l.34   \batchmode \errmessage{}
                               \csname @@end\endcsname \end
This error message was generated by an \errmessage
command, so I can't give any explicit help.
Pretend that you're Hercule Poirot: Examine all clues,
and deduce the truth by order and method.

 )

Here is how much of LuaTeX's memory you used:
 8 strings out of 495091
 100000,89155 words of node,token memory allocated
 182 words of node memory still in use:
   31 glue_spec nodes
   avail lists: 2:12,3:1,6:1
 3561 multiletter control sequences out of 65536+200000
 14 fonts using 563007 bytes
 5i,0n,2p,90b,14s stack positions out of 5000i,500n,10000p,200000b,50000s
No pages of output.

PDF statistics: 0 PDF objects out of 1000 (max. 8388607)
 0 named destinations out of 1000 (max. 131072)
 1 words of extra memory for PDF output out of 10000 (max. 10000000)

