This is LuaTeX, Version beta-0.70.1-2011120612  (format=lualatex 2012.8.30)  13 JUN 2013 09:37
**../psalter.tex
(../psalter.tex
LaTeX2e <2009/09/24>
Babel <v3.8l> and hyphenation patterns for english, usenglishmax, dumylang, noh
yphenation, loaded.
(/usr/share/texmf-texlive/tex/latex/base/book.cls
Document Class: book 2007/10/19 v1.4h Standard LaTeX document class
(/usr/share/texmf-texlive/tex/latex/base/bk12.clo
File: bk12.clo 2007/10/19 v1.4h Standard LaTeX file (size option)
)
\c@part=\count79
\c@chapter=\count80
\c@section=\count81
\c@subsection=\count82
\c@subsubsection=\count83
\c@paragraph=\count84
\c@subparagraph=\count85
\c@figure=\count86
\c@table=\count87
\abovecaptionskip=\skip41
\belowcaptionskip=\skip42
\bibindent=\dimen102
)
(/usr/share/texmf-texlive/tex/latex/graphics/graphicx.sty
Package: graphicx 1999/02/16 v1.0f Enhanced LaTeX Graphics (DPC,SPQR)

(/usr/share/texmf-texlive/tex/latex/graphics/keyval.sty
Package: keyval 1999/03/16 v1.13 key=value parser (DPC)
\KV@toks@=\toks14
)
(/usr/share/texmf-texlive/tex/latex/graphics/graphics.sty
Package: graphics 2009/02/05 v1.0o Standard LaTeX Graphics (DPC,SPQR)

(/usr/share/texmf-texlive/tex/latex/graphics/trig.sty
Package: trig 1999/03/16 v1.09 sin cos tan (DPC)
)
(/etc/texmf/tex/latex/config/graphics.cfg
File: graphics.cfg 2009/08/28 v1.8 graphics configuration of TeX Live
)
Package graphics Info: Driver file: pdftex.def on input line 91.

(/usr/share/texmf-texlive/tex/latex/pdftex-def/pdftex.def
File: pdftex.def 2010/03/12 v0.04p Graphics/color for pdfTeX

(/usr/share/texmf-texlive/tex/generic/oberdiek/pdftexcmds.sty
Package: pdftexcmds 2009/09/23 v0.6 LuaTeX support for pdfTeX utility functions
 (HO)

(/usr/share/texmf-texlive/tex/generic/oberdiek/infwarerr.sty
Package: infwarerr 2007/09/09 v1.2 Providing info/warning/message (HO)
)
(/usr/share/texmf-texlive/tex/generic/oberdiek/ifluatex.sty
Package: ifluatex 2009/04/17 v1.2 Provides the ifluatex switch (HO)
Package ifluatex Info: LuaTeX detected.
)
(/usr/share/texmf-texlive/tex/generic/oberdiek/ltxcmds.sty
Package: ltxcmds 2009/08/05 v1.0 Some LaTeX kernel commands for general use (HO
)
)
Package pdftexcmds Info: \pdf@primitive is available.
Package pdftexcmds Info: \pdf@ifprimitive is available.

(/usr/share/texmf-texlive/tex/generic/oberdiek/luatex-loader.sty
Package: luatex-loader 2009/04/10 v0.2 Lua module loader (HO)

(/usr/share/texmf-texlive/scripts/oberdiek/oberdiek.luatex.lua))
(/usr/share/texmf-texlive/scripts/oberdiek/oberdiek.pdftexcmds.lua)
\pdftexcmds@toks=\toks15
)
\Gread@gobject=\count88
))
\Gin@req@height=\dimen103
\Gin@req@width=\dimen104
)
(/usr/share/texmf-texlive/tex/latex/geometry/geometry.sty
Package: geometry 2008/12/21 v4.2 Page Geometry

(/usr/share/texmf-texlive/tex/generic/oberdiek/ifpdf.sty
Package: ifpdf 2009/04/10 v2.0 Provides the ifpdf switch (HO)
Package ifpdf Info: pdfTeX in pdf mode detected.
)
(/usr/share/texmf-texlive/tex/generic/oberdiek/ifvtex.sty
Package: ifvtex 2008/11/04 v1.4 Switches for detecting VTeX and its modes (HO)
Package ifvtex Info: VTeX not detected.
)
\Gm@cnth=\count89
\Gm@cntv=\count90
\c@Gm@tempcnt=\count91
\Gm@bindingoffset=\dimen105
\Gm@wd@mp=\dimen106
\Gm@odd@mp=\dimen107
\Gm@even@mp=\dimen108
\Gm@dimlist=\toks16
)
(/usr/share/texmf/tex/latex/gregoriotex/gregoriotex.sty
Package: gregoriotex 2010/06/22 v1.1 GregorioTeX system.

(/usr/share/texmf/tex/latex/xcolor/xcolor.sty
Package: xcolor 2007/01/21 v2.11 LaTeX color extensions (UK)

(/etc/texmf/tex/latex/config/color.cfg
File: color.cfg 2007/01/18 v1.5 color configuration of teTeX/TeXLive
)
Package xcolor Info: Driver file: pdftex.def on input line 225.
Package xcolor Info: Model `cmy' substituted by `cmy0' on input line 1337.
Package xcolor Info: Model `hsb' substituted by `rgb' on input line 1341.
Package xcolor Info: Model `RGB' extended on input line 1353.
Package xcolor Info: Model `HTML' substituted by `rgb' on input line 1355.
Package xcolor Info: Model `Hsb' substituted by `hsb' on input line 1356.
Package xcolor Info: Model `tHsb' substituted by `hsb' on input line 1357.
Package xcolor Info: Model `HSB' substituted by `hsb' on input line 1358.
Package xcolor Info: Model `Gray' substituted by `gray' on input line 1359.
Package xcolor Info: Model `wave' substituted by `hsb' on input line 1360.
)
(/usr/share/texmf/tex/gregoriotex/gregoriotex.tex
\Greaux=\write3
\grefactor=\count92

(/usr/share/texmf/tex/gregoriotex/gregoriotex-spaces.tex
\greadditionallineswidth=\skip43
\grezerowidthspace=\skip44
\greinterglyphspace=\skip45
\grealterationspace=\skip46
\grebeforechoralsignspace=\skip47
\greclefflatspace=\skip48
\grebeforealterationspace=\skip49
\greinterelementspace=\skip50
\grelargerspace=\skip51
\greglyphspace=\skip52
\greintersyllablespace=\skip53
\grespacebeforecusto=\skip54
\grespacebeforesigns=\skip55
\grespaceaftersigns=\skip56
\grespaceafterlineclef=\skip57
\greinterwordspacenotes=\skip58
\greinterwordspacenotestext=\skip59
\greinterwordspacetextnotes=\skip60
\greinterwordspacetext=\skip61
\grebitrivirspace=\skip62
\grebitristrospace=\skip63
\grepunctuminclinatumshift=\skip64
\grebeforepunctainclinatashift=\skip65
\grepunctuminclinatumanddebilisshift=\skip66
\grepunctuminclinatumdebilisshift=\skip67
\grepunctuminclinatumbigshift=\skip68
\grepunctuminclinatummaxshift=\skip69
\grespacearoundsmallbar=\skip70
\grespacearoundminor=\skip71
\grespacearoundmaior=\skip72
\grespacearoundfinalis=\skip73
\grespacebeforefinalfinalis=\skip74
\grespacearoundclefbars=\skip75
\gretextbartextspace=\skip76
\grenotebarspace=\skip77
\gremaximumspacewithoutdash=\dimen109
\greafterclefnospace=\skip78
\greadditionallineswidth=\dimen110
\greafterinitialshift=\skip79
\grebeforeinitialshift=\skip80
\greminimalspaceatlinebeginning=\dimen111
\greaboveinitialseparation=\dimen112
\grestafflineheight=\dimen113
\greinterstafflinespace=\dimen114
\grestafflinediff=\dimen115
\greabovesignsspace=\dimen116
\grebelowsignsspace=\dimen117
\grelowchoralsignshift=\dimen118
\grehighchoralsignshift=\dimen119
\gretranslationheight=\dimen120
\grespaceabovelines=\skip81
\greabovelinestextraise=\dimen121
\greabovelinestextheight=\dimen122
\grespacelinestext=\skip82
\grespacebeneathtext=\skip83
\greconstantglyphraise=\dimen123
\grestaffheight=\dimen124
\greclefchangespace=\skip84
\grenoclefspace=\dimen125
\grebraceshift=\skip85
\grecurlybraceaccentusshift=\skip86

(/usr/share/texmf/tex/gregoriotex/gsp-default.tex))
\grestafflinewidth=\dimen126
\grelinewidth=\dimen127
\grecurrenttranslationheight=\dimen128
\greadditionalbottomspace=\dimen129
\greadditionaltopspace=\dimen130
\gretextlower=\dimen131
\GreTempwidth=\box26
\gretempwidth=\dimen132
\gretextaligncenter=\dimen133
\gregoriotextdashwidth=\dimen134
\greadditionalleftspace=\dimen135
\GreInitial=\box27
\greinitialwidth=\dimen136
\grebiginitial=\count93
\greknownline=\count94
\GreAboveinitialfirstbox=\box28
\greaboveinitialfirstraise=\dimen137
\GreAboveinitialsecondbox=\box29
\greaboveinitialsecondraise=\dimen138
\grecurrentabovelinestextheight=\dimen139
\GreLines=\box30

(/usr/share/texmf/tex/gregoriotex/gregoriotex-signs.tex
\greclefnum=\count95
\greclefwidth=\dimen140
\GreTempsign=\box31
\gretempdimsignwidth=\dimen141
\gretempdimtwo=\dimen142
\keeprightbox=\count96
\grefirstisalteration=\count97
)
(/usr/share/texmf/tex/gregoriotex/gregoriotex-syllable.tex
\greglyphraisevalue=\dimen143
\greaddedraisevalue=\dimen144
\gretempdimcount=\count98
\greisonaline=\count99
\grefirstglyph=\count100
\grelastglyphwidth=\dimen145
\grenotesaligncenter=\dimen146
\GreSyllablenotes=\box32
\greenddifference=\dimen147
\grepreviousenddifference=\dimen148
\grebegindifference=\dimen149
\gretempdim=\dimen150
\GreSyllabletext=\box33
\grefirstsyllableofword=\count101
\greendofscore=\count102
\greskipone=\skip87
\grenextbegindifference=\skip88
\gretempdimskip=\skip89
)
\printchirovbars=\count103
\grelastoflinecount=\count104
\greblockcusto=\count105

(/usr/share/texmf/tex/gregoriotex/gregoriotex-symbols.tex
\gretempfactor=\count106
)))
(/usr/share/texmf-texlive/tex/latex/preprint/fullpage.sty
Package: fullpage 1999/02/23 1.1 (PWD)
\FP@margin=\skip90
)
(/usr/share/texmf-texlive/tex/latex/parallel/parallel.sty
Package: parallel 2003/04/13, setting two texts parallel (me)

`parallel': setting two texts parallel, (beta 4) 2003/04/13.
\ParallelLWidth=\dimen151
\ParallelRWidth=\dimen152
\ParallelTextWidth=\dimen153
\ParallelLeftMargin=\dimen154
\ParallelUserMidSkip=\dimen155
\ParallelMainMidSkip=\dimen156
\ParallelLBox=\box34
\ParallelRBox=\box35
\ParallelBoxVar=\box36
\ParallelLTok=\box37
\ParallelRTok=\box38
\ParallelBoolVar=\count107
\ParallelBoolMid=\count108
\ParallelWhichBox=\count109
\ParallelMainMode=\count110
\ParallelFNMode=\count111
\ParallelLFNCounter=\count112
\ParallelRFNCounter=\count113
\ParallelMaxFN=\count114
\ParallelFNNumMode=\count115
)
(/usr/share/texmf-texlive/tex/generic/babel/babel.sty
Package: babel 2008/07/06 v3.8l The Babel package

(/usr/share/texmf-texlive/tex/generic/babel/latin.ldf
File: latin.ldf 2008/07/06 v2.0l Latin support from the babel system

(/usr/share/texmf-texlive/tex/generic/babel/babel.def
File: babel.def 2008/07/06 v3.8l Babel common definitions
\babel@savecnt=\count116
\U@D=\dimen157
)

Package babel Warning: No hyphenation patterns were loaded for
(babel)                the language `Latin'
(babel)                I will use the patterns loaded for \language=0 instead.

\l@latin = a dialect from \language0
Package babel Info: Making " an active character on input line 188.
)) (/usr/share/texmf-texlive/tex/latex/base/fontenc.sty
Package: fontenc 2005/09/27 v1.99g Standard LaTeX package

(/usr/share/texmf-texlive/tex/latex/base/t1enc.def
File: t1enc.def 2005/09/27 v1.99g Standard LaTeX file
LaTeX Font Info:    Redeclaring font encoding T1 on input line 43.
))
(/usr/share/texmf-texlive/tex/lualatex/luainputenc/luainputenc.sty
Package: luainputenc 2009/11/20 v0.95 inputenc package for LuaTeX

(/usr/share/texmf-texlive/tex/generic/ifxetex/ifxetex.sty
Package: ifxetex 2009/01/23 v0.5 Provides ifxetex conditional
)
(/usr/share/texmf-texlive/tex/luatex/luatextra/luatextra.sty
Package: luatextra 2009/12/16 v0.95 LuaTeX extra low-level macros

(/usr/share/texmf-texlive/tex/latex/etex-pkg/etex.sty
Package: etex 1998/03/26 v2.0 eTeX basic definition package (PEB)
\et@xins=\count117
)
(/usr/share/texmf-texlive/tex/latex/environ/environ.sty
Package: environ 2008/06/18 v0.2 A new way to define environments
\@emptytoks=\toks17
\@envbody=\toks18
)
(/usr/share/texmf-texlive/tex/luatex/luatextra/luatextra-latex.tex)
(/usr/share/texmf-texlive/tex/luatex/luatextra/luatextra.lua
(/usr/share/texmf-texlive/tex/luatex/luatextra/luaextra.lua
Lua module: luaextra 2009/04/15 v0.91 Lua additional functions.
)
(/usr/share/texmf-texlive/tex/luatex/luatextra/luamcallbacks.lua
Lua module: luamcallbacks 2009/09/18 v0.93 Module to register several functions
 in a callback.
)
luamcallbacks: inserting function 'luatextra.open_read_file' at position 1 in c
allback list for 'open_read_file'
\luatexattdefcounter=\count277
\luatexcatcodetabledefcounter=\count278
\CatcodeTableIniTeX=\catcodetable2
\CatcodeTableString=\catcodetable3
\CatcodeTableOther=\catcodetable4
\CatcodeTableLaTeX=\catcodetable5
\CatcodeTableLaTeXAtLetter=\catcodetable6
\CatcodeTableExpl=\catcodetable7

(/usr/share/texmf-texlive/tex/luatex/luaotfload/luaotfload.sty
Package: luaotfload 2009/09/22 v1.04 ConTeXt font loading system
\otfl@state=\luatexattribute2
\otfl@markbase=\luatexattribute3
\otfl@markdone=\luatexattribute4
\otfl@markmark=\luatexattribute5
\otfl@cursbase=\luatexattribute6
\otfl@curscurs=\luatexattribute7
\otfl@cursdone=\luatexattribute8
\otfl@kernpair=\luatexattribute9
\otfl@color=\luatexattribute10

(/usr/share/texmf-texlive/tex/luatex/luaotfload/luaotfload.lua
Lua module: luaotfload 2009/09/22 v1.04 ConTeXt font loading system.
!
! Attribute 0 is reserved for ConTeXt's font feature management and has to be
! set to zero. Also, some attributes in the range 1-255 are used for special
! purposed so setting them at the TeX end might break the font handler.
!)
luamcallbacks: inserting function 'luaotfload.pre_linebreak_filter' at position
 1 in callback list for 'pre_linebreak_filter'
luamcallbacks: inserting function 'luaotfload.hpack_filter' at position 1 in ca
llback list for 'hpack_filter'
luamcallbacks: inserting function 'luaotfload.define_font' at position 1 in cal
lback list for 'define_font'
luamcallbacks: inserting function 'luaotfload.find_vf_file' at position 1 in ca
llback list for 'find_vf_file'))
(/usr/share/texmf-texlive/tex/lualatex/luainputenc/luainputenc.lua
Lua module: luainputenc 2009/11/20 v0.95 Lua simple inputenc package.
)
\inpenc@prehook=\toks19
\inpenc@posthook=\toks20

(/usr/share/texmf-texlive/tex/lualatex/luainputenc/lutf8.def
File: lutf8.def 2009/11/20 v0.95 UTF-8 support for luainputenc
Now handling font encoding OML ...
... no UTF-8 mapping file for font encoding OML
Now handling font encoding T1 ...
... processing UTF-8 mapping file for font encodingT1

(/usr/share/texmf-texlive/tex/latex/base/t1enc.dfu
File: t1enc.dfu 2008/04/05 v1.1m UTF-8 support for inputenc
)
Now handling font encoding OT1 ...
... processing UTF-8 mapping file for font encodingOT1

(/usr/share/texmf-texlive/tex/latex/base/ot1enc.dfu
File: ot1enc.dfu 2008/04/05 v1.1m UTF-8 support for inputenc
)
Now handling font encoding OMS ...
... processing UTF-8 mapping file for font encodingOMS

(/usr/share/texmf-texlive/tex/latex/base/omsenc.dfu
File: omsenc.dfu 2008/04/05 v1.1m UTF-8 support for inputenc
)
Now handling font encoding OMX ...
... no UTF-8 mapping file for font encoding OMX
Now handling font encoding U ...
... no UTF-8 mapping file for font encoding U
))
(/usr/share/texmf-texlive/tex/latex/fancyhdr/fancyhdr.sty
\fancy@headwidth=\skip256
\f@ncyO@elh=\skip257
\f@ncyO@erh=\skip258
\f@ncyO@olh=\skip259
\f@ncyO@orh=\skip260
\f@ncyO@elf=\skip261
\f@ncyO@erf=\skip262
\f@ncyO@olf=\skip263
\f@ncyO@orf=\skip264
)
(/usr/share/texmf-texlive/tex/latex/verse/verse.sty
Package: verse 2009/09/04 v2.4a verse typesetting
\c@vslineno=\count279
\c@poemline=\count280
\c@fvsline=\count281
\c@modulo@vs=\count282
\c@verse@envctr=\count283
\versewidth=\skip265
\vgap=\skip266
\vindent=\skip267
\stanzaskip=\skip268
\vleftskip=\skip269
\vrightskip=\skip270
\c@chrsinstr=\count284
\beforepoemtitleskip=\skip271
\afterpoemtitleskip=\skip272
)
(/usr/share/texmf-texlive/tex/latex/setspace/setspace.sty
Package: setspace 2000/12/01 6.7 Contributed and Supported LaTeX2e package

Package: `setspace' 6.7 <2000/12/01>
)
No file psalter.aux.
LaTeX Font Info:    Checking defaults for OML/cmm/m/it on input line 20.
LaTeX Font Info:    ... okay on input line 20.
LaTeX Font Info:    Checking defaults for T1/cmr/m/n on input line 20.
LaTeX Font Info:    ... okay on input line 20.
LaTeX Font Info:    Checking defaults for OT1/cmr/m/n on input line 20.
LaTeX Font Info:    ... okay on input line 20.
LaTeX Font Info:    Checking defaults for OMS/cmsy/m/n on input line 20.
LaTeX Font Info:    ... okay on input line 20.
LaTeX Font Info:    Checking defaults for OMX/cmex/m/n on input line 20.
LaTeX Font Info:    ... okay on input line 20.
LaTeX Font Info:    Checking defaults for U/cmr/m/n on input line 20.
LaTeX Font Info:    ... okay on input line 20.
(/usr/share/texmf-texlive/tex/context/base/supp-pdf.mkii
[Loading MPS to PDF converter (version 2006.09.02).]
\scratchcounter=\count285
\scratchdimen=\dimen256
\scratchbox=\box256
\nofMPsegments=\count286
\nofMParguments=\count287
\everyMPshowfont=\toks21
\MPscratchCnt=\count288
\MPscratchDim=\dimen257
\MPnumerator=\count289
\everyMPtoPDFconversion=\toks22
)
*geometry auto-detecting driver*
*geometry detected driver: pdftex*
-------------------- Geometry parameters
paper: a5paper
landscape: --
twocolumn: --
twoside: true
asymmetric: --
h-parts: 50.5326pt, 0.7\paperwidth , 75.79893pt (default)
v-parts: 71.70166pt, 0.7\paperheight , 107.55254pt (default)
hmarginratio: 2:3
vmarginratio: 2:3
lines: --
heightrounded: --
bindingoffset: 0.0pt
truedimen: --
includehead: --
includefoot: --
includemp: --
driver: pdftex
-------------------- Page layout dimensions and switches
\paperwidth  421.10078pt
\paperheight 597.50787pt
\textwidth  276.5608pt
\textheight 422.9679pt
\oddsidemargin  0.0pt
\evensidemargin 0.0pt
\topmargin  0.0pt
\headheight 0.0pt
\headsep    0.0pt
\footskip   30.0pt
\marginparwidth 98.0pt
\marginparsep   7.0pt
\columnsep  10.0pt
\skip\footins  10.8pt plus 4.0pt minus 2.0pt
\hoffset 0.0pt
\voffset 0.0pt
\mag 1000
\@twosidetrue \@mparswitchtrue 
(1in=72.27pt, 1cm=28.45pt)
-----------------------

! LaTeX Error: File `titlepage.tex' not found.

Type X to quit or <RETURN> to proceed,
or enter new name. (Default extension: tex)

Enter file name: x

 )
(\end occurred when \ifx on line 24 was incomplete)
(\end occurred when \if on line 24 was incomplete)

Here is how much of LuaTeX's memory you used:
 3817 strings out of 495130
 100000,128383 words of node,token memory allocated
 567 words of node memory still in use:
   3 hlist, 1 vlist, 2 rule, 1 disc, 3 glue, 1 kern, 1 penalty, 2 glyph, 7 attr
ibute, 89 glue_spec, 7 attribute_list, 1 open, 5 write, 1 dir, 1 late_lua, 1 pd
f_colorstack nodes
   avail lists: 2:9,3:1,4:4,5:3,6:54,7:1,10:6
 7012 multiletter control sequences out of 65536+50000
 17 fonts using 487639 bytes
 35i,1n,43p,610b,53s stack positions out of 5000i,500n,10000p,200000b,50000s
No pages of output.

PDF statistics: 0 PDF objects out of 1000 (max. 8388607)
 0 named destinations out of 1000 (max. 131072)
 1 words of extra memory for PDF output out of 10000 (max. 10000000)

