This is LuaTeX, Version beta-0.80.0 (TeX Live 2015/Debian) (rev 5238)  (format=lualatex 2015.12.5)  14 APR 2016 19:02
 restricted \write18 enabled.
**ps119.tex
(./ps119.tex
LaTeX2e <2015/01/01>
Babel <3.9l> and hyphenation patterns for 27 languages loaded.
(/usr/share/texlive/texmf-dist/tex/latex/base/report.cls
Document Class: report 2014/09/29 v1.4h Standard LaTeX document class
(/usr/share/texlive/texmf-dist/tex/latex/base/size12.clo
File: size12.clo 2014/09/29 v1.4h Standard LaTeX file (size option)
)
\c@part=\count79
\c@chapter=\count80
\c@section=\count81
\c@subsection=\count82
\c@subsubsection=\count83
\c@paragraph=\count84
\c@subparagraph=\count85
\c@figure=\count86
\c@table=\count87
\abovecaptionskip=\skip41
\belowcaptionskip=\skip42
\bibindent=\dimen102
)
(/usr/share/texlive/texmf-dist/tex/latex/graphics/graphicx.sty
Package: graphicx 2014/10/28 v1.0g Enhanced LaTeX Graphics (DPC,SPQR)

(/usr/share/texlive/texmf-dist/tex/latex/graphics/keyval.sty
Package: keyval 2014/10/28 v1.15 key=value parser (DPC)
\KV@toks@=\toks14
)
(/usr/share/texlive/texmf-dist/tex/latex/graphics/graphics.sty
Package: graphics 2014/10/28 v1.0p Standard LaTeX Graphics (DPC,SPQR)

(/usr/share/texlive/texmf-dist/tex/latex/graphics/trig.sty
Package: trig 1999/03/16 v1.09 sin cos tan (DPC)
)
(/usr/share/texlive/texmf-dist/tex/latex/latexconfig/graphics.cfg
File: graphics.cfg 2010/04/23 v1.9 graphics configuration of TeX Live
)
Package graphics Info: Driver file: pdftex.def on input line 94.

(/usr/share/texlive/texmf-dist/tex/latex/pdftex-def/pdftex.def
File: pdftex.def 2011/05/27 v0.06d Graphics/color for pdfTeX

(/usr/share/texlive/texmf-dist/tex/generic/oberdiek/infwarerr.sty
Package: infwarerr 2010/04/08 v1.3 Providing info/warning/error messages (HO)
)
(/usr/share/texlive/texmf-dist/tex/generic/oberdiek/ltxcmds.sty
Package: ltxcmds 2011/11/09 v1.22 LaTeX kernel commands for general use (HO)
)
\Gread@gobject=\count88
))
\Gin@req@height=\dimen103
\Gin@req@width=\dimen104
)
(/usr/share/texlive/texmf-dist/tex/latex/amsmath/amsmath.sty
Package: amsmath 2013/01/14 v2.14 AMS math features
\@mathmargin=\skip43

For additional information on amsmath, use the `?' option.
(/usr/share/texlive/texmf-dist/tex/latex/amsmath/amstext.sty
Package: amstext 2000/06/29 v2.01

(/usr/share/texlive/texmf-dist/tex/latex/amsmath/amsgen.sty
File: amsgen.sty 1999/11/30 v2.0
\@emptytoks=\toks15
\ex@=\dimen105
))
(/usr/share/texlive/texmf-dist/tex/latex/amsmath/amsbsy.sty
Package: amsbsy 1999/11/29 v1.2d
\pmbraise@=\dimen106
)
(/usr/share/texlive/texmf-dist/tex/latex/amsmath/amsopn.sty
Package: amsopn 1999/12/14 v2.01 operator names
)
\inf@bad=\count89
LaTeX Info: Redefining \frac on input line 210.
\uproot@=\count90
\leftroot@=\count91
LaTeX Info: Redefining \overline on input line 306.
\classnum@=\count92
\DOTSCASE@=\count93
LaTeX Info: Redefining \ldots on input line 378.
LaTeX Info: Redefining \dots on input line 381.
LaTeX Info: Redefining \cdots on input line 466.
\Mathstrutbox@=\box26
\strutbox@=\box27
\big@size=\dimen107
LaTeX Font Info:    Redeclaring font encoding OML on input line 566.
LaTeX Font Info:    Redeclaring font encoding OMS on input line 567.
\macc@depth=\count94
\c@MaxMatrixCols=\count95
\dotsspace@=\muskip10
\c@parentequation=\count96
\dspbrk@lvl=\count97
\tag@help=\toks16
\row@=\count98
\column@=\count99
\maxfields@=\count100
\andhelp@=\toks17
\eqnshift@=\dimen108
\alignsep@=\dimen109
\tagshift@=\dimen110
\tagwidth@=\dimen111
\totwidth@=\dimen112
\lineht@=\dimen113
\@envbody=\toks18
\multlinegap=\skip44
\multlinetaggap=\skip45
\mathdisplay@stack=\toks19
LaTeX Info: Redefining \[ on input line 2665.
LaTeX Info: Redefining \] on input line 2666.
)
(/usr/share/texlive/texmf-dist/tex/latex/amsfonts/amssymb.sty
Package: amssymb 2013/01/14 v3.01 AMS font symbols

(/usr/share/texlive/texmf-dist/tex/latex/amsfonts/amsfonts.sty
Package: amsfonts 2013/01/14 v3.01 Basic AMSFonts support
\symAMSa=\mathgroup4
\symAMSb=\mathgroup5
LaTeX Font Info:    Overwriting math alphabet `\mathfrak' in version `bold'
(Font)                  U/euf/m/n --> U/euf/b/n on input line 106.
))
(/usr/share/texlive/texmf-dist/tex/latex/yfonts/yfonts.sty
Package: yfonts 2003/01/08 v1.3 (WaS)
)
(/usr/share/texlive/texmf-dist/tex/latex/geometry/geometry.sty
Package: geometry 2010/09/12 v5.6 Page Geometry

(/usr/share/texlive/texmf-dist/tex/generic/oberdiek/ifpdf.sty
Package: ifpdf 2011/01/30 v2.3 Provides the ifpdf switch (HO)
Package ifpdf Info: pdfTeX in PDF mode is detected.
)
(/usr/share/texlive/texmf-dist/tex/generic/oberdiek/ifvtex.sty
Package: ifvtex 2010/03/01 v1.5 Detect VTeX and its facilities (HO)
Package ifvtex Info: VTeX not detected.
)
(/usr/share/texlive/texmf-dist/tex/generic/ifxetex/ifxetex.sty
Package: ifxetex 2010/09/12 v0.6 Provides ifxetex conditional
)
\Gm@cnth=\count101
\Gm@cntv=\count102
\c@Gm@tempcnt=\count103
\Gm@bindingoffset=\dimen114
\Gm@wd@mp=\dimen115
\Gm@odd@mp=\dimen116
\Gm@even@mp=\dimen117
\Gm@layoutwidth=\dimen118
\Gm@layoutheight=\dimen119
\Gm@layouthoffset=\dimen120
\Gm@layoutvoffset=\dimen121
\Gm@dimlist=\toks20
)
(/usr/share/texmf/tex/luatex/gregoriotex/gregoriotex.sty
Package: gregoriotex 2010/09/27 v2.1 GregorioTeX system.

(/usr/share/texlive/texmf-dist/tex/latex/xcolor/xcolor.sty
Package: xcolor 2007/01/21 v2.11 LaTeX color extensions (UK)

(/usr/share/texlive/texmf-dist/tex/latex/latexconfig/color.cfg
File: color.cfg 2007/01/18 v1.5 color configuration of teTeX/TeXLive
)
Package xcolor Info: Driver file: pdftex.def on input line 225.
Package xcolor Info: Model `cmy' substituted by `cmy0' on input line 1337.
Package xcolor Info: Model `hsb' substituted by `rgb' on input line 1341.
Package xcolor Info: Model `RGB' extended on input line 1353.
Package xcolor Info: Model `HTML' substituted by `rgb' on input line 1355.
Package xcolor Info: Model `Hsb' substituted by `hsb' on input line 1356.
Package xcolor Info: Model `tHsb' substituted by `hsb' on input line 1357.
Package xcolor Info: Model `HSB' substituted by `hsb' on input line 1358.
Package xcolor Info: Model `Gray' substituted by `gray' on input line 1359.
Package xcolor Info: Model `wave' substituted by `hsb' on input line 1360.
)
(/usr/share/texmf/tex/luatex/gregoriotex/gregoriotex.tex
(/usr/share/texlive/texmf-dist/tex/generic/oberdiek/ifluatex.sty
Package: ifluatex 2010/03/01 v1.3 Provides the ifluatex switch (HO)
Package ifluatex Info: LuaTeX detected.
)
(/usr/share/texlive/texmf-dist/tex/luatex/luatexbase/luatexbase.sty
Package: luatexbase 2013/05/11 v0.6 Resource management for the LuaTeX macro pro
grammer

(/usr/share/texlive/texmf-dist/tex/generic/oberdiek/luatex.sty
Package: luatex 2010/03/09 v0.4 LuaTeX basic definition package (HO)

(/usr/share/texlive/texmf-dist/tex/latex/etex-pkg/etex.sty
Package: etex 2015/03/02 v2.1 eTeX basic definition package (PEB,DPC)
\et@xins=\count104
)
\LuT@AllocAttribute=\count277
\LuT@AllocCatcodeTable=\count278
\CatcodeTableStack=\count279
\CatcodeTableIniTeX=\catcodetable1
\CatcodeTableString=\catcodetable3
\CatcodeTableOther=\catcodetable5
\CatcodeTableLaTeX=\catcodetable7

(/usr/share/texlive/texmf-dist/tex/generic/oberdiek/luatex-loader.sty
Package: luatex-loader 2010/03/09 v0.4 Lua module loader (HO)

(/usr/share/texlive/texmf-dist/scripts/oberdiek/oberdiek.luatex.lua)))
(/usr/share/texlive/texmf-dist/tex/luatex/luatexbase/luatexbase-compat.sty
Package: luatexbase-compat 2011/05/24 v0.4 Compatibility tools for LuaTeX
)
(/usr/share/texlive/texmf-dist/tex/luatex/luatexbase/luatexbase-modutils.sty
Package: luatexbase-modutils 2013/05/11 v0.6 Module utilities for LuaTeX

(/usr/share/texlive/texmf-dist/tex/luatex/luatexbase/luatexbase-loader.sty
Package: luatexbase-loader 2013/05/11 v0.6 Lua module loader for LuaTeX

(/usr/share/texlive/texmf-dist/tex/luatex/luatexbase/luatexbase.loader.lua))
(/usr/share/texlive/texmf-dist/tex/luatex/luatexbase/modutils.lua)
Lua module: luatexbase-modutils 2013/05/11 0.6 Module utilities for LuaTeX
)
(/usr/share/texlive/texmf-dist/tex/luatex/luatexbase/luatexbase-regs.sty
Package: luatexbase-regs 2011/05/24 v0.4 Registers allocation for LuaTeX
)
(/usr/share/texlive/texmf-dist/tex/luatex/luatexbase/luatexbase-attr.sty
Package: luatexbase-attr 2013/05/11 v0.6 Attributes allocation for LuaTeX

(/usr/share/texlive/texmf-dist/tex/luatex/luatexbase/attr.lua)
Lua module: luatexbase-attr 2013/05/11 0.6 Attributes allocation for LuaTeX
\lltxb@attr@unsetvalue=\count280
)
(/usr/share/texlive/texmf-dist/tex/luatex/luatexbase/luatexbase-cctb.sty
Package: luatexbase-cctb 2013/05/11 v0.6 Catcodetable allocation for LuaTeX

(/usr/share/texlive/texmf-dist/tex/luatex/luatexbase/cctb.lua)
Lua module: luatexbase-cctb 2013/05/11 0.6 Catcodetable allocation for LuaTeX
\lltxb@catcodetable@alloc=\count281
\CatcodeTableStack=\count282
\CatcodeTableIniTeX=\luatexcatcodetable1
\CatcodeTableString=\luatexcatcodetable3
\CatcodeTableOther=\luatexcatcodetable5
\CatcodeTableLaTeX=\luatexcatcodetable7
\CatcodeTableLaTeXAtLetter=\luatexcatcodetable9
\CatcodeTableExpl=\luatexcatcodetable11
)
(/usr/share/texlive/texmf-dist/tex/luatex/luatexbase/luatexbase-mcb.sty
Package: luatexbase-mcb 2013/05/11 v0.6 Callback management for LuaTeX

(/usr/share/texlive/texmf-dist/tex/luatex/luatexbase/mcb.lua)
Lua module: luatexbase-mcb 2013/05/11 0.6 register several functions in a callba
ck
))
(/usr/share/texlive/texmf-dist/tex/luatex/luaotfload/luaotfload.sty
Package: luaotfload 2014/08/10 v2.5-4 OpenType layout system

(/usr/share/texlive/texmf-dist/tex/luatex/luaotfload/luaotfload-main.lua)
Lua module: luaotfload-main 2014/08/10 2.50003 OpenType layout system.

(/usr/share/texlive/texmf-dist/tex/luatex/luaotfload/luaotfload-log.lua)
(/usr/share/texlive/texmf-dist/tex/luatex/luaotfload/luaotfload-fontloader.lua)(
using write cache: /home/christiane/.texmf-var/luatex-cache/generic)(using read 
cache: /var/lib/texmf/luatex-cache/generic /home/christiane/.texmf-var/luatex-ca
che/generic)
luatexbase-attr: luatexbase.attributes["luaotfload@kernpair"] = 1
luatexbase-attr: luatexbase.attributes["luaotfload@ligacomp"] = 2
luatexbase-attr: luatexbase.attributes["luaotfload@markbase"] = 3
luatexbase-attr: luatexbase.attributes["luaotfload@markmark"] = 4
luatexbase-attr: luatexbase.attributes["luaotfload@markdone"] = 5
luatexbase-attr: luatexbase.attributes["luaotfload@cursbase"] = 6
luatexbase-attr: luatexbase.attributes["luaotfload@curscurs"] = 7
luatexbase-attr: luatexbase.attributes["luaotfload@cursdone"] = 8
luatexbase-attr: luatexbase.attributes["luaotfload@state"] = 9
luaotfload | main : fontloader loaded in 0.186 seconds
luatexbase-mcb: inserting 'luaotfload.node_processor'
at position 1 in 'pre_linebreak_filter'
luatexbase-mcb: inserting 'luaotfload.node_processor'
at position 1 in 'hpack_filter'
luatexbase-mcb: inserting 'luaotfload.find_vf_file'
at position 1 in 'find_vf_file'
(/usr/share/texlive/texmf-dist/tex/luatex/luaotfload/luaotfload-override.lua)
(/usr/share/texlive/texmf-dist/tex/luatex/luaotfload/luaotfload-parsers.lua)
(/usr/share/texlive/texmf-dist/tex/luatex/luaotfload/luaotfload-configuration.lu
a)
(/usr/share/texlive/texmf-dist/tex/luatex/luaotfload/luaotfload-status.lua)
luaotfload | conf : Root cache directory is /home/christiane/.texmf-var/luatex-c
ache/generic/names.
(/usr/share/texlive/texmf-dist/tex/luatex/luaotfload/luaotfload-loaders.lua)
(/usr/share/texlive/texmf-dist/tex/luatex/luaotfload/luaotfload-database.lua)
(/usr/share/texlive/texmf-dist/tex/luatex/luaotfload/luaotfload-colors.lua)
luaotfload | conf : Root cache directory is /home/christiane/.texmf-var/luatex-c
ache/generic/names.
luatexbase-mcb: creating 'luaotfload.resolve_font' type 4
luatexbase-mcb: creating 'luaotfload.patch_font' type 4
luatexbase-mcb: resetting callback 'define_font'
luatexbase-mcb: inserting 'luaotfload.define_font'
at position 1 in 'define_font'
(/usr/share/texlive/texmf-dist/tex/luatex/luaotfload/luaotfload-features.lua)
(/usr/share/texlive/texmf-dist/tex/luatex/luaotfload/luaotfload-letterspace.lua)
(/usr/share/texlive/texmf-dist/tex/luatex/luaotfload/luaotfload-auxiliary.lua)
luatexbase-mcb: inserting 'luaotfload.aux.set_sscale_dimens'
at position 1 in 'luaotfload.patch_font'
luatexbase-mcb: inserting 'luaotfload.aux.patch_cambria_domh'
at position 2 in 'luaotfload.patch_font'
luatexbase-mcb: inserting 'luaotfload.aux.set_capheight'
at position 3 in 'luaotfload.patch_font'
luatexbase-mcb: inserting 'luaotfload.rewrite_fontname'
at position 4 in 'luaotfload.patch_font')
\gregorioattr=\luatexattribute10

(/usr/share/texmf/tex/luatex/gregoriotex/gregoriotex.lua)
Lua module: gregoriotex 2013/05/21 2.3 GregorioTeX module.
\Greaux=\write3
\grefactor=\count283

(/usr/share/texmf/tex/luatex/gregoriotex/gregoriotex-spaces.tex
\greadditionallineswidth=\skip256
\grezerowidthspace=\skip257
\greinterglyphspace=\skip258
\grealterationspace=\skip259
\grebeforechoralsignspace=\skip260
\greclefflatspace=\skip261
\grebeforealterationspace=\skip262
\greinterelementspace=\skip263
\grelargerspace=\skip264
\greglyphspace=\skip265
\greintersyllablespace=\skip266
\grespacebeforecusto=\skip267
\grespacebeforesigns=\skip268
\grespaceaftersigns=\skip269
\grespaceafterlineclef=\skip270
\greinterwordspacenotes=\skip271
\greinterwordspacenotestext=\skip272
\greinterwordspacetextnotes=\skip273
\greinterwordspacetext=\skip274
\grebitrivirspace=\skip275
\grebitristrospace=\skip276
\grepunctuminclinatumshift=\skip277
\grebeforepunctainclinatashift=\skip278
\grepunctuminclinatumanddebilisshift=\skip279
\grepunctuminclinatumdebilisshift=\skip280
\grepunctuminclinatumbigshift=\skip281
\grepunctuminclinatummaxshift=\skip282
\grespacearoundsmallbar=\skip283
\grespacearoundminor=\skip284
\grespacearoundmaior=\skip285
\grespacearoundfinalis=\skip286
\grespacebeforefinalfinalis=\skip287
\grespacearoundclefbars=\skip288
\gretextbartextspace=\skip289
\grenotebarspace=\skip290
\gremaximumspacewithoutdash=\dimen256
\greafterclefnospace=\skip291
\greadditionallineswidth=\dimen257
\greafterinitialshift=\skip292
\grebeforeinitialshift=\skip293
\greminimalspaceatlinebeginning=\dimen258
\greaboveinitialseparation=\dimen259
\grestafflineheight=\dimen260
\greinterstafflinespace=\dimen261
\grestafflinediff=\dimen262
\greabovesignsspace=\dimen263
\grebelowsignsspace=\dimen264
\grelowchoralsignshift=\dimen265
\grehighchoralsignshift=\dimen266
\gretranslationheight=\dimen267
\grespaceabovelines=\skip294
\greabovelinestextraise=\dimen268
\greabovelinestextheight=\dimen269
\grespacelinestext=\skip295
\grespacebeneathtext=\skip296
\greconstantglyphraise=\dimen270
\grestaffheight=\dimen271
\greclefchangespace=\skip297
\grenoclefspace=\dimen272
\grebraceshift=\skip298
\grecurlybraceaccentusshift=\skip299

(/usr/share/texmf/tex/luatex/gregoriotex/gsp-default.tex))
\grestafflinewidth=\dimen273
\grelinewidth=\dimen274
\grecurrenttranslationheight=\dimen275
\greadditionalbottomspace=\dimen276
\greadditionaltopspace=\dimen277
\gretextlower=\dimen278
\GreTempwidth=\box256
\gretempwidth=\dimen279
\gretextaligncenter=\dimen280
\greadditionalleftspace=\dimen281
\GreInitial=\box257
\greinitialwidth=\dimen282
\grebiginitial=\count284
\greknownline=\count285
\GreAboveinitialfirstbox=\box258
\greaboveinitialfirstraise=\dimen283
\GreAboveinitialsecondbox=\box259
\greaboveinitialsecondraise=\dimen284
\grecurrentabovelinestextheight=\dimen285
\GreLines=\box260

(/usr/share/texmf/tex/luatex/gregoriotex/gregoriotex-signs.tex
\greclefnum=\count286
\greclefwidth=\dimen286
\GreTempsign=\box261
\gretempdimsignwidth=\dimen287
\gretempdimtwo=\dimen288
\keeprightbox=\count287
\grefirstisalteration=\count288
)
(/usr/share/texmf/tex/luatex/gregoriotex/gregoriotex-syllable.tex
\greglyphraisevalue=\dimen289
\greaddedraisevalue=\dimen290
\gretempdimcount=\count289
\greisonaline=\count290
\grefirstglyph=\count291
\grelastglyphwidth=\dimen291
\grenotesaligncenter=\dimen292
\GreSyllablenotes=\box262
\greenddifference=\dimen293
\grepreviousenddifference=\dimen294
\grebegindifference=\dimen295
\gretempdim=\dimen296
\GreSyllabletext=\box263
\grefirstsyllableofword=\count292
\greendofscore=\count293
\greskipone=\skip300
\grenextbegindifference=\skip301
\gretempdimskip=\skip302
)
\printchirovbars=\count294
\grelastoflinecount=\count295
\greblockcusto=\count296

(/usr/share/texmf/tex/luatex/gregoriotex/gregoriotex-symbols.tex
\gretempfactor=\count297
luaotfload | cache : Lookup cache loaded from /home/christiane/.texmf-var/luatex
-cache/generic/names/luaotfload-lookup-cache.luc.
luaotfload | db : Font names database loaded from /home/christiane/.texmf-var/lu
atex-cache/generic/names/luaotfload-names.luc
luaotfload | load : Lookup/name: "gresym" -> "gresym.ttf"(compiling luc: /var/li
b/texmf/luatex-cache/generic/fonts/otf/gresym.luc)(load luc: /home/christiane/.t
exmf-var/luatex-cache/generic/fonts/otf/gresym.luc))))
(/usr/share/texlive/texmf-dist/tex/latex/preprint/fullpage.sty
Package: fullpage 1999/02/23 1.1 (PWD)
\FP@margin=\skip303
)
(/usr/share/texlive/texmf-dist/tex/latex/parallel/parallel.sty
Package: parallel 2003/04/13, setting two texts parallel (me)

`parallel': setting two texts parallel, (beta 4) 2003/04/13.
\ParallelLWidth=\dimen297
\ParallelRWidth=\dimen298
\ParallelTextWidth=\dimen299
\ParallelLeftMargin=\dimen300
\ParallelUserMidSkip=\dimen301
\ParallelMainMidSkip=\dimen302
\ParallelLBox=\box264
\ParallelRBox=\box265
\ParallelBoxVar=\box266
\ParallelLTok=\box267
\ParallelRTok=\box268
\ParallelBoolVar=\count298
\ParallelBoolMid=\count299
\ParallelWhichBox=\count300
\ParallelMainMode=\count301
\ParallelFNMode=\count302
\ParallelLFNCounter=\count303
\ParallelRFNCounter=\count304
\ParallelMaxFN=\count305
\ParallelFNNumMode=\count306
)
(/usr/share/texlive/texmf-dist/tex/generic/babel/babel.sty
Package: babel 2014/09/25 3.9l The Babel package

(/usr/share/texlive/texmf-dist/tex/generic/babel-latin/latin.ldf
File: latin.ldf 2014/06/01 v.3.0 Latin support from the babel system

(/usr/share/texlive/texmf-dist/tex/generic/babel/babel.def
File: babel.def 2014/09/25 3.9l Babel common definitions
\babel@savecnt=\count307
\U@D=\dimen303

(/usr/share/texlive/texmf-dist/tex/generic/babel/luababel.def
(/usr/share/texlive/texmf-dist/tex/luatex/hyph-utf8/luatex-hyphen.lua)
luatex-hyphen: using data file: /var/lib/texmf/tex/generic/config/language.dat.l
ua))
Package babel Info: Making " an active character on input line 185.
luatex-hyphen: loading patterns and exceptions for: latin (\language23)
luatex-hyphen: info: no hyphenation exceptions for this language))
(/usr/share/texlive/texmf-dist/tex/latex/base/fontenc.sty
Package: fontenc 2005/09/27 v1.99g Standard LaTeX package

(/usr/share/texlive/texmf-dist/tex/latex/base/t1enc.def
File: t1enc.def 2005/09/27 v1.99g Standard LaTeX file
LaTeX Font Info:    Redeclaring font encoding T1 on input line 48.
))
(/usr/share/texlive/texmf-dist/tex/lualatex/luainputenc/luainputenc.sty
Package: luainputenc 2010/11/19 v0.973 inputenc package for LuaTeX

(/usr/share/texlive/texmf-dist/tex/lualatex/luainputenc/luainputenc.lua)
Lua module: luainputenc 2010/05/10 0.97 Lua simple inputenc package.
\inpenc@prehook=\toks21
\inpenc@posthook=\toks22

(/usr/share/texlive/texmf-dist/tex/lualatex/luainputenc/lutf8.def
File: lutf8.def 2010/05/10 v0.97 UTF-8 support for luainputenc
Now handling font encoding OML ...
... no UTF-8 mapping file for font encoding OML
Now handling font encoding T1 ...
... processing UTF-8 mapping file for font encodingT1

(/usr/share/texlive/texmf-dist/tex/latex/base/t1enc.dfu
File: t1enc.dfu 2014/09/29 v1.1m UTF-8 support for inputenc
)
Now handling font encoding OT1 ...
... processing UTF-8 mapping file for font encodingOT1

(/usr/share/texlive/texmf-dist/tex/latex/base/ot1enc.dfu
File: ot1enc.dfu 2014/09/29 v1.1m UTF-8 support for inputenc
)
Now handling font encoding OMS ...
... processing UTF-8 mapping file for font encodingOMS

(/usr/share/texlive/texmf-dist/tex/latex/base/omsenc.dfu
File: omsenc.dfu 2014/09/29 v1.1m UTF-8 support for inputenc
)
Now handling font encoding OMX ...
... no UTF-8 mapping file for font encoding OMX
Now handling font encoding U ...
... no UTF-8 mapping file for font encoding U
Now handling font encoding LY ...
... no UTF-8 mapping file for font encoding LY
Now handling font encoding LYG ...
... no UTF-8 mapping file for font encoding LYG
))
(/usr/share/texlive/texmf-dist/tex/latex/fancyhdr/fancyhdr.sty
\fancy@headwidth=\skip304
\f@ncyO@elh=\skip305
\f@ncyO@erh=\skip306
\f@ncyO@olh=\skip307
\f@ncyO@orh=\skip308
\f@ncyO@elf=\skip309
\f@ncyO@erf=\skip310
\f@ncyO@olf=\skip311
\f@ncyO@orf=\skip312
)
(/usr/share/texlive/texmf-dist/tex/latex/verse/verse.sty
Package: verse 2009/09/04 v2.4a verse typesetting
\c@vslineno=\count308
\c@poemline=\count309
\c@fvsline=\count310
\c@modulo@vs=\count311
\c@verse@envctr=\count312
\versewidth=\skip313
\vgap=\skip314
\vindent=\skip315
\stanzaskip=\skip316
\vleftskip=\skip317
\vrightskip=\skip318
\c@chrsinstr=\count313
\beforepoemtitleskip=\skip319
\afterpoemtitleskip=\skip320
)
(/usr/share/texlive/texmf-dist/tex/latex/setspace/setspace.sty
Package: setspace 2011/12/19 v6.7a set line spacing
)
(/usr/share/texlive/texmf-dist/tex/latex/base/textcomp.sty
Package: textcomp 2005/09/27 v1.99g Standard LaTeX package
Package textcomp Info: Sub-encoding information:
(textcomp)               5 = only ISO-Adobe without \textcurrency
(textcomp)               4 = 5 + \texteuro
(textcomp)               3 = 4 + \textohm
(textcomp)               2 = 3 + \textestimated + \textcurrency
(textcomp)               1 = TS1 - \textcircled - \t
(textcomp)               0 = TS1 (full)
(textcomp)             Font families with sub-encoding setting implement
(textcomp)             only a restricted character set as indicated.
(textcomp)             Family '?' is the default used for unknown fonts.
(textcomp)             See the documentation for details.
Package textcomp Info: Setting ? sub-encoding to TS1/1 on input line 79.

(/usr/share/texlive/texmf-dist/tex/latex/base/ts1enc.def
File: ts1enc.def 2001/06/05 v3.0e (jk/car/fm) Standard LaTeX file
NowhandlingfontencodingTS1...
...processingUTF-8mappingfileforfontencodingTS1

(/usr/share/texlive/texmf-dist/tex/latex/base/ts1enc.dfu
File: ts1enc.dfu 2014/09/29 v1.1m UTF-8 support for inputenc
))
LaTeX Info: Redefining \oldstylenums on input line 334.
Package textcomp Info: Setting cmr sub-encoding to TS1/0 on input line 349.
Package textcomp Info: Setting cmss sub-encoding to TS1/0 on input line 350.
Package textcomp Info: Setting cmtt sub-encoding to TS1/0 on input line 351.
Package textcomp Info: Setting cmvtt sub-encoding to TS1/0 on input line 352.
Package textcomp Info: Setting cmbr sub-encoding to TS1/0 on input line 353.
Package textcomp Info: Setting cmtl sub-encoding to TS1/0 on input line 354.
Package textcomp Info: Setting ccr sub-encoding to TS1/0 on input line 355.
Package textcomp Info: Setting ptm sub-encoding to TS1/4 on input line 356.
Package textcomp Info: Setting pcr sub-encoding to TS1/4 on input line 357.
Package textcomp Info: Setting phv sub-encoding to TS1/4 on input line 358.
Package textcomp Info: Setting ppl sub-encoding to TS1/3 on input line 359.
Package textcomp Info: Setting pag sub-encoding to TS1/4 on input line 360.
Package textcomp Info: Setting pbk sub-encoding to TS1/4 on input line 361.
Package textcomp Info: Setting pnc sub-encoding to TS1/4 on input line 362.
Package textcomp Info: Setting pzc sub-encoding to TS1/4 on input line 363.
Package textcomp Info: Setting bch sub-encoding to TS1/4 on input line 364.
Package textcomp Info: Setting put sub-encoding to TS1/5 on input line 365.
Package textcomp Info: Setting uag sub-encoding to TS1/5 on input line 366.
Package textcomp Info: Setting ugq sub-encoding to TS1/5 on input line 367.
Package textcomp Info: Setting ul8 sub-encoding to TS1/4 on input line 368.
Package textcomp Info: Setting ul9 sub-encoding to TS1/4 on input line 369.
Package textcomp Info: Setting augie sub-encoding to TS1/5 on input line 370.
Package textcomp Info: Setting dayrom sub-encoding to TS1/3 on input line 371.
Package textcomp Info: Setting dayroms sub-encoding to TS1/3 on input line 372.
Package textcomp Info: Setting pxr sub-encoding to TS1/0 on input line 373.
Package textcomp Info: Setting pxss sub-encoding to TS1/0 on input line 374.
Package textcomp Info: Setting pxtt sub-encoding to TS1/0 on input line 375.
Package textcomp Info: Setting txr sub-encoding to TS1/0 on input line 376.
Package textcomp Info: Setting txss sub-encoding to TS1/0 on input line 377.
Package textcomp Info: Setting txtt sub-encoding to TS1/0 on input line 378.
Package textcomp Info: Setting lmr sub-encoding to TS1/0 on input line 379.
Package textcomp Info: Setting lmdh sub-encoding to TS1/0 on input line 380.
Package textcomp Info: Setting lmss sub-encoding to TS1/0 on input line 381.
Package textcomp Info: Setting lmssq sub-encoding to TS1/0 on input line 382.
Package textcomp Info: Setting lmvtt sub-encoding to TS1/0 on input line 383.
Package textcomp Info: Setting lmtt sub-encoding to TS1/0 on input line 384.
Package textcomp Info: Setting qhv sub-encoding to TS1/0 on input line 385.
Package textcomp Info: Setting qag sub-encoding to TS1/0 on input line 386.
Package textcomp Info: Setting qbk sub-encoding to TS1/0 on input line 387.
Package textcomp Info: Setting qcr sub-encoding to TS1/0 on input line 388.
Package textcomp Info: Setting qcs sub-encoding to TS1/0 on input line 389.
Package textcomp Info: Setting qpl sub-encoding to TS1/0 on input line 390.
Package textcomp Info: Setting qtm sub-encoding to TS1/0 on input line 391.
Package textcomp Info: Setting qzc sub-encoding to TS1/0 on input line 392.
Package textcomp Info: Setting qhvc sub-encoding to TS1/0 on input line 393.
Package textcomp Info: Setting futs sub-encoding to TS1/4 on input line 394.
Package textcomp Info: Setting futx sub-encoding to TS1/4 on input line 395.
Package textcomp Info: Setting futj sub-encoding to TS1/4 on input line 396.
Package textcomp Info: Setting hlh sub-encoding to TS1/3 on input line 397.
Package textcomp Info: Setting hls sub-encoding to TS1/3 on input line 398.
Package textcomp Info: Setting hlst sub-encoding to TS1/3 on input line 399.
Package textcomp Info: Setting hlct sub-encoding to TS1/5 on input line 400.
Package textcomp Info: Setting hlx sub-encoding to TS1/5 on input line 401.
Package textcomp Info: Setting hlce sub-encoding to TS1/5 on input line 402.
Package textcomp Info: Setting hlcn sub-encoding to TS1/5 on input line 403.
Package textcomp Info: Setting hlcw sub-encoding to TS1/5 on input line 404.
Package textcomp Info: Setting hlcf sub-encoding to TS1/5 on input line 405.
Package textcomp Info: Setting pplx sub-encoding to TS1/3 on input line 406.
Package textcomp Info: Setting pplj sub-encoding to TS1/3 on input line 407.
Package textcomp Info: Setting ptmx sub-encoding to TS1/4 on input line 408.
Package textcomp Info: Setting ptmj sub-encoding to TS1/4 on input line 409.
)
(/usr/share/texlive/texmf-dist/tex/latex/jknapltx/mathrsfs.sty
Package: mathrsfs 1996/01/01 Math RSFS package v1.0 (jk)
\symrsfs=\mathgroup6
)
(/usr/share/texmf/tex/latex/lm/lmodern.sty
Package: lmodern 2009/10/30 v1.6 Latin Modern Fonts
LaTeX Font Info:    Overwriting symbol font `operators' in version `normal'
(Font)                  OT1/cmr/m/n --> OT1/lmr/m/n on input line 22.
LaTeX Font Info:    Overwriting symbol font `letters' in version `normal'
(Font)                  OML/cmm/m/it --> OML/lmm/m/it on input line 23.
LaTeX Font Info:    Overwriting symbol font `symbols' in version `normal'
(Font)                  OMS/cmsy/m/n --> OMS/lmsy/m/n on input line 24.
LaTeX Font Info:    Overwriting symbol font `largesymbols' in version `normal'
(Font)                  OMX/cmex/m/n --> OMX/lmex/m/n on input line 25.
LaTeX Font Info:    Overwriting symbol font `operators' in version `bold'
(Font)                  OT1/cmr/bx/n --> OT1/lmr/bx/n on input line 26.
LaTeX Font Info:    Overwriting symbol font `letters' in version `bold'
(Font)                  OML/cmm/b/it --> OML/lmm/b/it on input line 27.
LaTeX Font Info:    Overwriting symbol font `symbols' in version `bold'
(Font)                  OMS/cmsy/b/n --> OMS/lmsy/b/n on input line 28.
LaTeX Font Info:    Overwriting symbol font `largesymbols' in version `bold'
(Font)                  OMX/cmex/m/n --> OMX/lmex/m/n on input line 29.
LaTeX Font Info:    Overwriting math alphabet `\mathbf' in version `normal'
(Font)                  OT1/cmr/bx/n --> OT1/lmr/bx/n on input line 31.
LaTeX Font Info:    Overwriting math alphabet `\mathsf' in version `normal'
(Font)                  OT1/cmss/m/n --> OT1/lmss/m/n on input line 32.
LaTeX Font Info:    Overwriting math alphabet `\mathit' in version `normal'
(Font)                  OT1/cmr/m/it --> OT1/lmr/m/it on input line 33.
LaTeX Font Info:    Overwriting math alphabet `\mathtt' in version `normal'
(Font)                  OT1/cmtt/m/n --> OT1/lmtt/m/n on input line 34.
LaTeX Font Info:    Overwriting math alphabet `\mathbf' in version `bold'
(Font)                  OT1/cmr/bx/n --> OT1/lmr/bx/n on input line 35.
LaTeX Font Info:    Overwriting math alphabet `\mathsf' in version `bold'
(Font)                  OT1/cmss/bx/n --> OT1/lmss/bx/n on input line 36.
LaTeX Font Info:    Overwriting math alphabet `\mathit' in version `bold'
(Font)                  OT1/cmr/bx/it --> OT1/lmr/bx/it on input line 37.
LaTeX Font Info:    Overwriting math alphabet `\mathtt' in version `bold'
(Font)                  OT1/cmtt/m/n --> OT1/lmtt/m/n on input line 38.
) (./brevier.sty
Package: brevier 2014/04/01 Standard LaTeX package fuer Brevierartige-Dateien

(/usr/share/texlive/texmf-dist/tex/latex/titlesec/titlesec.sty
Package: titlesec 2011/12/15 v2.10.0 Sectioning titles
\ttl@box=\box269
\beforetitleunit=\skip321
\aftertitleunit=\skip322
\ttl@plus=\dimen304
\ttl@minus=\dimen305
\ttl@toksa=\toks23
\titlewidth=\dimen306
\titlewidthlast=\dimen307
\titlewidthfirst=\dimen308
)
(/usr/share/texlive/texmf-dist/tex/latex/initials/GoudyIn.fd
File: GoudyIn.fd 2003/04/02 Font definition file for U/GoudyIn
)
\saveleftmargini=\skip323

(/usr/share/texlive/texmf-dist/tex/latex/titlesec/block.tss
File: block.tss 2011/12/15
))
(/usr/share/texlive/texmf-dist/tex/latex/tools/multicol.sty
Package: multicol 2015/03/31 v1.8m multicolumn formatting (FMi)
\c@tracingmulticols=\count314
\mult@box=\box270
\multicol@leftmargin=\dimen309
\c@unbalance=\count315
\c@collectmore=\count316
\doublecol@number=\count317
\multicoltolerance=\count318
\multicolpretolerance=\count319
\full@width=\dimen310
\page@free=\dimen311
\premulticols=\dimen312
\postmulticols=\dimen313
\multicolsep=\skip324
\multicolbaselineskip=\skip325
\partial@page=\box271
\last@line=\box272
\maxbalancingoverflow=\dimen314
\mult@rightbox=\box273
\mult@grightbox=\box274
\mult@gfirstbox=\box275
\mult@firstbox=\box276
\@tempa=\box277
\@tempa=\box278
\@tempa=\box279
\@tempa=\box280
\@tempa=\box281
\@tempa=\box282
\@tempa=\box283
\@tempa=\box284
\@tempa=\box285
\@tempa=\box286
\@tempa=\box287
\@tempa=\box288
\@tempa=\box289
\@tempa=\box290
\@tempa=\box291
\@tempa=\box292
\@tempa=\box293
\c@columnbadness=\count320
\c@finalcolumnbadness=\count321
\last@try=\dimen315
\multicolovershoot=\dimen316
\multicolundershoot=\dimen317
\mult@nat@firstbox=\box294
\colbreak@box=\box295
\mc@col@check@num=\count322
) (./ps119.aux)
\openout1 = ps119.aux

LaTeX Font Info:    Checking defaults for OML/cmm/m/it on input line 23.
LaTeX Font Info:    ... okay on input line 23.
LaTeX Font Info:    Checking defaults for T1/cmr/m/n on input line 23.
LaTeX Font Info:    ... okay on input line 23.
LaTeX Font Info:    Checking defaults for OT1/cmr/m/n on input line 23.
LaTeX Font Info:    ... okay on input line 23.
LaTeX Font Info:    Checking defaults for OMS/cmsy/m/n on input line 23.
LaTeX Font Info:    ... okay on input line 23.
LaTeX Font Info:    Checking defaults for OMX/cmex/m/n on input line 23.
LaTeX Font Info:    ... okay on input line 23.
LaTeX Font Info:    Checking defaults for U/cmr/m/n on input line 23.
LaTeX Font Info:    ... okay on input line 23.
LaTeX Font Info:    Checking defaults for LY/yfrak/m/n on input line 23.
LaTeX Font Info:    ... okay on input line 23.
LaTeX Font Info:    Checking defaults for LYG/ygoth/m/n on input line 23.
LaTeX Font Info:    ... okay on input line 23.
LaTeX Font Info:    Checking defaults for TS1/cmr/m/n on input line 23.
LaTeX Font Info:    Try loading font information for TS1+cmr on input line 23.

(/usr/share/texlive/texmf-dist/tex/latex/base/ts1cmr.fd
File: ts1cmr.fd 2014/09/29 v2.5h Standard LaTeX font definitions
)
LaTeX Font Info:    ... okay on input line 23.
LaTeX Font Info:    Try loading font information for T1+lmr on input line 23.

(/usr/share/texmf/tex/latex/lm/t1lmr.fd
File: t1lmr.fd 2009/10/30 v1.6 Font defs for Latin Modern
)
(/usr/share/texlive/texmf-dist/tex/context/base/supp-pdf.mkii
[Loading MPS to PDF converter (version 2006.09.02).]
\scratchcounter=\count323
\scratchdimen=\dimen318
\scratchbox=\box296
\nofMPsegments=\count324
\nofMParguments=\count325
\everyMPshowfont=\toks24
\MPscratchCnt=\count326
\MPscratchDim=\dimen319
\MPnumerator=\count327
\makeMPintoPDFobject=\count328
\everyMPtoPDFconversion=\toks25
) (/usr/share/texlive/texmf-dist/tex/generic/oberdiek/pdftexcmds.sty
Package: pdftexcmds 2011/11/29 v0.20 Utility functions of pdfTeX for LuaTeX (HO)

Package pdftexcmds Info: \pdf@primitive is available.
Package pdftexcmds Info: \pdf@ifprimitive is available.
Package pdftexcmds Info: \pdfdraftmode found.

(/usr/share/texlive/texmf-dist/scripts/oberdiek/pdftexcmds.lua)
\pdftexcmds@toks=\toks26
)
(/usr/share/texlive/texmf-dist/tex/latex/oberdiek/epstopdf-base.sty
Package: epstopdf-base 2010/02/09 v2.5 Base part for package epstopdf

(/usr/share/texlive/texmf-dist/tex/latex/oberdiek/grfext.sty
Package: grfext 2010/08/19 v1.1 Manage graphics extensions (HO)

(/usr/share/texlive/texmf-dist/tex/generic/oberdiek/kvdefinekeys.sty
Package: kvdefinekeys 2011/04/07 v1.3 Define keys (HO)
))
(/usr/share/texlive/texmf-dist/tex/latex/oberdiek/kvoptions.sty
Package: kvoptions 2011/06/30 v3.11 Key value format for package options (HO)

(/usr/share/texlive/texmf-dist/tex/generic/oberdiek/kvsetkeys.sty
Package: kvsetkeys 2012/04/25 v1.16 Key value parser (HO)

(/usr/share/texlive/texmf-dist/tex/generic/oberdiek/etexcmds.sty
Package: etexcmds 2011/02/16 v1.5 Avoid name clashes with e-TeX commands (HO)
)))
Package grfext Info: Graphics extension search list:
(grfext)             [.png,.pdf,.jpg,.mps,.tif,.jpeg,.PNG,.PDF,.JPG,.JPEG,.eps]
(grfext)             \AppendGraphicsExtensions on input line 452.

(/usr/share/texlive/texmf-dist/tex/latex/latexconfig/epstopdf-sys.cfg
File: epstopdf-sys.cfg 2010/07/13 v1.3 Configuration of (r)epstopdf for TeX Live

))
*geometry* driver: auto-detecting
*geometry* detected driver: pdftex
*geometry* verbose mode - [ preamble ] result:
* driver: pdftex
* paper: a5paper
* layout: <same size as paper>
* layoutoffset:(h,v)=(0.0pt,0.0pt)
* modes: twoside 
* h-part:(L,W,R)=(54.06023pt, 312.98033pt, 54.06023pt)
* v-part:(T,H,B)=(56.9055pt, 469.47049pt, 71.13188pt)
* \paperwidth=421.10078pt
* \paperheight=597.50787pt
* \textwidth=312.98033pt
* \textheight=469.47049pt
* \oddsidemargin=-18.20976pt
* \evensidemargin=-18.20976pt
* \topmargin=-11.74713pt
* \headheight=15.0pt
* \headsep=0.0pt
* \topskip=12.0pt
* \footskip=22.76228pt
* \marginparwidth=95.0pt
* \marginparsep=10.0pt
* \columnsep=10.0pt
* \skip\footins=10.8pt plus 4.0pt minus 2.0pt
* \hoffset=0.0pt
* \voffset=0.0pt
* \mag=1000
* \@twocolumnfalse
* \@twosidetrue
* \@mparswitchtrue
* \@reversemarginfalse
* (1in=72.27pt=25.4mm, 1cm=28.453pt)

(./horatertia_dominica.tex
luaotfload | load : Lookup/name: "greciliae" -> "greciliae.ttf"(compiling luc: /
var/lib/texmf/luatex-cache/generic/fonts/otf/greciliae.luc)(load luc: /home/chri
stiane/.texmf-var/luatex-cache/generic/fonts/otf/greciliae.luc) (./alleluia/all
eluia_tertia.tex
luatexbase-mcb: inserting 'gregoriotex.callback'
at position 1 in 'post_linebreak_filter'
luatexbase-mcb: inserting 'gregoriotex.disable_hyphenation'
at position 1 in 'hyphenate'
luatexbase-mcb: removing 'gregoriotex.callback'
from 'post_linebreak_filter'
luatexbase-mcb: removing 'gregoriotex.disable_hyphenation'
from 'hyphenate')
Underfull \hbox (badness 10000) in paragraph at lines 19--36

 []


Underfull \hbox (badness 10000) in paragraph at lines 38--55

 []

[1{/var/lib/texmf/fonts/map/pdftex/updmap/pdftex.map}


\openout3 = ps119.gaux
Missing character: There is no @ (U+0040) in font nullfont!
]
Underfull \hbox (badness 10000) in paragraph at lines 56--74

 []


Underfull \vbox (badness 10000) has occurred while \output is active []

 [2]
Underfull \hbox (badness 10000) in paragraph at lines 75--92

 []

) (./horatertia_secunda.tex (./psalmi/118/118vdeducmedomine.tex
luatexbase-mcb: inserting 'gregoriotex.callback'
at position 1 in 'post_linebreak_filter'
luatexbase-mcb: inserting 'gregoriotex.disable_hyphenation'
at position 1 in 'hyphenate'
Underfull \hbox (badness 10000) in paragraph at lines 2--97
[]
 []


Underfull \vbox (badness 10000) has occurred while \output is active []

 [3]
luatexbase-mcb: removing 'gregoriotex.callback'
from 'post_linebreak_filter'
luatexbase-mcb: removing 'gregoriotex.disable_hyphenation'
from 'hyphenate')
Underfull \hbox (badness 10000) in paragraph at lines 17--34

 []


Underfull \hbox (badness 10000) in paragraph at lines 36--53

 []

[4]
Underfull \hbox (badness 10000) in paragraph at lines 55--72

 []


Underfull \vbox (badness 10000) has occurred while \output is active []

 [5])
(./horatertia_tertia.tex (./psalmi/118/118viijcogitavi.tex
luatexbase-mcb: inserting 'gregoriotex.callback'
at position 1 in 'post_linebreak_filter'
luatexbase-mcb: inserting 'gregoriotex.disable_hyphenation'
at position 1 in 'hyphenate'
luatexbase-mcb: removing 'gregoriotex.callback'
from 'post_linebreak_filter'
luatexbase-mcb: removing 'gregoriotex.disable_hyphenation'
from 'hyphenate')
Underfull \hbox (badness 10000) in paragraph at lines 23--40

 []

[6]
Underfull \hbox (badness 10000) in paragraph at lines 42--59

 []


Underfull \hbox (badness 10000) in paragraph at lines 60--77

 []


Underfull \vbox (badness 6316) has occurred while \output is active []

 [7])
(./horatertia_quarta.tex (./psalmi/118/118xiiinaeternum.tex
luatexbase-mcb: inserting 'gregoriotex.callback'
at position 1 in 'post_linebreak_filter'
luatexbase-mcb: inserting 'gregoriotex.disable_hyphenation'
at position 1 in 'hyphenate'
Underfull \hbox (badness 10000) in paragraph at lines 2--98
[]
 []


Underfull \vbox (badness 10000) has occurred while \output is active []

 [8]
luatexbase-mcb: removing 'gregoriotex.callback'
from 'post_linebreak_filter'
luatexbase-mcb: removing 'gregoriotex.disable_hyphenation'
from 'hyphenate')
Underfull \hbox (badness 10000) in paragraph at lines 19--36

 []


Underfull \hbox (badness 10000) in paragraph at lines 37--54

 []


Underfull \vbox (badness 10000) has occurred while \output is active []

 [9]
Overfull \hbox (1.553pt too wide) in paragraph at lines 55--72
\T1/lmr/bx/n/12 Wie köst-li-ch ist für mei-nen Gau-men dei-ne Ve-rheiÿung,
 []


Underfull \hbox (badness 10000) in paragraph at lines 55--72

 []


Underfull \vbox (badness 10000) has occurred while \output is active []

 [10])
(./horatertia_quinta.tex (./psalmi/118/adiuvame14.tex
luatexbase-mcb: inserting 'gregoriotex.callback'
at position 1 in 'post_linebreak_filter'
luatexbase-mcb: inserting 'gregoriotex.disable_hyphenation'
at position 1 in 'hyphenate'
luatexbase-mcb: removing 'gregoriotex.callback'
from 'post_linebreak_filter'
luatexbase-mcb: removing 'gregoriotex.disable_hyphenation'
from 'hyphenate')
Underfull \hbox (badness 10000) in paragraph at lines 16--33

 []

[11]
Underfull \hbox (badness 10000) in paragraph at lines 35--52

 []


Underfull \hbox (badness 10000) in paragraph at lines 53--70

 []


Underfull \vbox (badness 10000) has occurred while \output is active []

 [12])
(./horatertia_sexta.tex (./psalmi/118/aspiceinme17.tex
luatexbase-mcb: inserting 'gregoriotex.callback'
at position 1 in 'post_linebreak_filter'
luatexbase-mcb: inserting 'gregoriotex.disable_hyphenation'
at position 1 in 'hyphenate'
luatexbase-mcb: removing 'gregoriotex.callback'
from 'post_linebreak_filter'
luatexbase-mcb: removing 'gregoriotex.disable_hyphenation'
from 'hyphenate')
Underfull \vbox (badness 10000) has occurred while \output is active []

 [13]
Underfull \hbox (badness 10000) in paragraph at lines 18--34

 []


Underfull \hbox (badness 10000) in paragraph at lines 35--52

 []

[14]
Underfull \hbox (badness 10000) in paragraph at lines 53--70

 []


Underfull \vbox (badness 10000) has occurred while \output is active []

 [15])
(./horatertia_sabbato.tex (./psalmi/118/videhumilitatem20.tex
luatexbase-mcb: inserting 'gregoriotex.callback'
at position 1 in 'post_linebreak_filter'
luatexbase-mcb: inserting 'gregoriotex.disable_hyphenation'
at position 1 in 'hyphenate'
luatexbase-mcb: removing 'gregoriotex.callback'
from 'post_linebreak_filter'
luatexbase-mcb: removing 'gregoriotex.disable_hyphenation'
from 'hyphenate')
Underfull \hbox (badness 10000) in paragraph at lines 20--37

 []

[16]
Underfull \hbox (badness 10000) in paragraph at lines 39--56

 []


Underfull \hbox (badness 10000) in paragraph at lines 57--74

 []


Underfull \vbox (badness 6316) has occurred while \output is active []

 [17])
[18] (./ps119.aux))

Here is how much of LuaTeX's memory you used:
 6810 strings out of 494777
 100000,184870 words of node,token memory allocated
 62237 words of node memory still in use:
   2088 hlist, 358 vlist, 1428 rule, 3524 glue, 1419 kern, 2 penalty, 684 glyph,
 1445 attribute, 124 glue_spec, 728 attribute_list, 1 write, 2 pdf_colorstack no
des
   avail lists: 2:534,3:233,4:535,5:224,6:1468,7:46,8:2,9:143,10:202
 9874 multiletter control sequences out of 65536+600000
 31 fonts using 2039167 bytes
 40i,12n,43p,605b,298s stack positions out of 5000i,500n,10000p,200000b,100000s
{/usr/share/texmf/fonts/enc/dvips/lm/lm-ec.enc}</usr/share/texmf/fonts/truetype/
public/gregoriotex/gresym.ttf></usr/share/texmf/fonts/truetype/public/gregoriote
x/greciliae.ttf><</usr/share/texmf/fonts/type1/public/lm/lmbx10.pfb><</usr/share
/texmf/fonts/type1/public/lm/lmbx12.pfb><</usr/share/texmf/fonts/type1/public/lm
/lmbxi10.pfb><</usr/share/texmf/fonts/type1/public/lm/lmcsc10.pfb><</usr/share/t
exmf/fonts/type1/public/lm/lmr10.pfb><</usr/share/texmf/fonts/type1/public/lm/lm
r12.pfb>
Output written on ps119.pdf (18 pages, 179881 bytes).

PDF statistics: 100 PDF objects out of 1000 (max. 8388607)
 67 compressed objects within 1 object stream
 0 named destinations out of 1000 (max. 131072)
 1 words of extra memory for PDF output out of 10000 (max. 10000000)

